[2025-08-28 10:08:44] POST /api/v1/auth/login (56ms)
[2025-08-28 10:10:19] POST /api/v1/auth/login (57ms)
[2025-08-28 10:11:09] POST /api/v1/auth/login (56ms)
[2025-08-28 10:11:24] POST /api/v1/auth/login (56ms)
[2025-08-28 10:13:31] POST /api/v1/auth/login (57ms)
[2025-08-28 10:13:39] POST /api/v1/auth/login (57ms)
[2025-08-28 10:16:26] POST /api/v1/auth/login (57ms)
[2025-08-28 10:18:00] POST /api/v1/auth/login (56ms)
[2025-08-28 10:19:01] POST /api/v1/auth/login (63ms)
[2025-08-28 10:19:28] POST /api/v1/auth/login (56ms)
[2025-08-28 10:28:07] POST /api/v1/auth/login (57ms)
[2025-08-28 10:31:42] POST /api/v1/auth/login (56ms)
[2025-08-28 10:32:22] POST /api/v1/auth/login (56ms)
[2025-08-28 10:57:34] POST /api/v1/auth/login (59ms)
[2025-08-28 10:58:23] POST /api/v1/auth/login (56ms)
[2025-08-28 11:06:16] POST /api/v1/auth/login (57ms)
[2025-08-28 11:08:22] POST /api/v1/auth/login (57ms)
[2025-08-28 11:11:02] POST /api/v1/auth/login (58ms)
[2025-08-28 11:12:31] POST /api/v1/auth/login (57ms)
[2025-08-28 11:18:14] POST /api/v1/auth/login (83ms)
[2025-08-28 11:21:18] POST /api/v1/auth/login (60ms)
[2025-08-28 11:48:11] POST /api/v1/auth/login (65ms)
[2025-08-28 11:48:52] POST /api/v1/auth/login (60ms)
[2025-08-28 11:50:53] POST /api/v1/users/register (57ms)
[2025-08-28 11:51:29] POST /api/v1/auth/logout (4ms)
[2025-08-28 12:12:06] POST /api/v1/auth/login (67ms)
[2025-08-28 12:12:27] POST /api/v1/todos (0ms)
[2025-08-28 12:12:43] GET /api/v1/todos (2ms)
[2025-08-28 12:17:17] POST /api/v1/todos (1ms)
[2025-08-28 12:18:07] POST /api/v1/todos (1ms)
[2025-08-28 12:24:06] POST /api/v1/todos (10ms)
[2025-08-28 12:27:13] GET /api/v1/todos (2ms)
[2025-08-28 12:28:33] GET /api/v1/todos (1ms)
[2025-08-28 12:30:38] GET /api/v1/todos/1 (2ms)
[2025-08-28 12:30:43] GET /api/v1/todos/2 (1ms)
[2025-08-28 12:32:54] GET /api/v1/todos/3 (2ms)
[2025-08-28 12:35:07] PUT /api/v1/todos/1 (5ms)
[2025-08-28 12:35:42] PUT /api/v1/todos/1 (2ms)
[2025-08-28 12:36:34] POST /api/v1/todos (1ms)
[2025-08-28 12:38:36] DELETE /api/v1/todos/3 (1ms)
[2025-08-28 12:38:39] DELETE /api/v1/todos/3 (1ms)
[2025-08-28 12:40:30] DELETE /api/v1/todos/3 (1ms)
[2025-08-28 12:40:45] DELETE /api/v1/todos/3 (1ms)
[2025-08-28 12:48:45] GET /api/v1/users/ (1ms)
[2025-08-28 12:49:51] GET /api/v1/users/testUser3 (1ms)
[2025-08-28 12:55:10] PUT /api/v1/users/testUser3 (62ms)
[2025-08-28 12:56:11] PUT /api/v1/users/testUser3 (57ms)
[2025-08-28 13:01:28] PUT /api/v1/users/testUser1 (8ms)
[2025-08-28 13:01:49] DELETE /api/v1/users/testUser1 (3ms)
[2025-08-28 13:10:41] DELETE /api/v1/users/testUser1 (1ms)
[2025-08-28 13:10:47] DELETE /api/v1/users/testUser3 (3ms)
[2025-08-28 13:24:00] DELETE /api/v1/todos/2 (2ms)
[2025-08-28 13:24:33] DELETE /api/v1/todos/3 (1ms)
[2025-08-28 13:25:13] DELETE /api/v1/todos/3 (1ms)
[2025-08-28 13:26:02] DELETE /api/v1/todos/3 (2ms)
[2025-08-28 13:26:25] DELETE /api/v1/todos/3 (1ms)
[2025-08-28 13:27:22] POST /api/v1/auth/logout (0ms)
[2025-08-28 13:28:31] POST /api/v1/auth/login (2ms)
[2025-08-28 13:29:06] POST /api/v1/auth/login (57ms)
[2025-08-28 13:29:27] DELETE /api/v1/todos/3 (1ms)
[2025-08-28 13:29:48] DELETE /api/v1/todos/2 (1ms)
[2025-08-28 13:30:26] DELETE /api/v1/todos/2 (1ms)
[2025-08-28 13:30:42] DELETE /api/v1/todos/2 (1ms)
[2025-08-28 13:33:28] GET /api/v1/auth/validate (0ms)
